<?xml version="1.0" encoding="UTF-8"?>
<!-- Generated by org.testng.reporters.JUnitReportReporter -->
<testsuite skipped="0" hostname="ICPL12742" name="com.RunnerFile.RunnerClass" tests="1" failures="0" timestamp="04 Aug 2019 20:07:26 GMT" time="0.043" errors="0">
  <testcase name="feature" time="0.043" classname="com.RunnerFile.RunnerClass"/>
</testsuite> <!-- com.RunnerFile.RunnerClass -->
