<?xml version="1.0" encoding="UTF-8"?>
<!-- Generated by org.testng.reporters.JUnitReportReporter -->
<testsuite skipped="0" hostname="ICPL12742" name="WiproInterview.Scripts.FirstTestScripts" tests="1" failures="0" timestamp="02 Aug 2019 04:36:20 GMT" time="10.255" errors="1">
  <testcase name="first" time="10.255" classname="WiproInterview.Scripts.FirstTestScripts">
    <error type="java.lang.NoSuchMethodError" message="org.openqa.selenium.support.ui.FluentWait.until(Lcom/google/common/base/Function;)Ljava/lang/Object;">
      <![CDATA[java.lang.NoSuchMethodError: org.openqa.selenium.support.ui.FluentWait.until(Lcom/google/common/base/Function;)Ljava/lang/Object;
at io.appium.java_client.pagefactory.AppiumElementLocator.waitFor(AppiumElementLocator.java:75)
at io.appium.java_client.pagefactory.AppiumElementLocator.findElement(AppiumElementLocator.java:90)
at io.appium.java_client.pagefactory.interceptors.InterceptorOfASingleElement.intercept(InterceptorOfASingleElement.java:52)
at io.appium.java_client.android.AndroidElement$$EnhancerByCGLIB$$c0b591f0.isDisplayed(<generated>)
at com.Pages.HumbergerMenu.clickOnHumbergerMenu(HumbergerMenu.java:80)
at WiproInterview.Scripts.FirstTestScripts.first(FirstTestScripts.java:16)
at sun.reflect.NativeMethodAccessorImpl.invoke0(Native Method)
at sun.reflect.NativeMethodAccessorImpl.invoke(NativeMethodAccessorImpl.java:62)
at sun.reflect.DelegatingMethodAccessorImpl.invoke(DelegatingMethodAccessorImpl.java:43)
at java.lang.reflect.Method.invoke(Method.java:498)
at org.testng.internal.MethodInvocationHelper.invokeMethod(MethodInvocationHelper.java:124)
at org.testng.internal.Invoker.invokeMethod(Invoker.java:583)
at org.testng.internal.Invoker.invokeTestMethod(Invoker.java:719)
at org.testng.internal.Invoker.invokeTestMethods(Invoker.java:989)
at org.testng.internal.TestMethodWorker.invokeTestMethods(TestMethodWorker.java:125)
at org.testng.internal.TestMethodWorker.run(TestMethodWorker.java:109)
at org.testng.TestRunner.privateRun(TestRunner.java:648)
at org.testng.TestRunner.run(TestRunner.java:505)
at org.testng.SuiteRunner.runTest(SuiteRunner.java:455)
at org.testng.SuiteRunner.runSequentially(SuiteRunner.java:450)
at org.testng.SuiteRunner.privateRun(SuiteRunner.java:415)
at org.testng.SuiteRunner.run(SuiteRunner.java:364)
at org.testng.SuiteRunnerWorker.runSuite(SuiteRunnerWorker.java:52)
at org.testng.SuiteRunnerWorker.run(SuiteRunnerWorker.java:84)
at org.testng.TestNG.runSuitesSequentially(TestNG.java:1208)
at org.testng.TestNG.runSuitesLocally(TestNG.java:1137)
at org.testng.TestNG.runSuites(TestNG.java:1049)
at org.testng.TestNG.run(TestNG.java:1017)
at org.testng.remote.AbstractRemoteTestNG.run(AbstractRemoteTestNG.java:115)
at org.testng.remote.RemoteTestNG.initAndRun(RemoteTestNG.java:251)
at org.testng.remote.RemoteTestNG.main(RemoteTestNG.java:77)
]]>
    </error>
  </testcase> <!-- first -->
</testsuite> <!-- WiproInterview.Scripts.FirstTestScripts -->
