<?xml version="1.0" encoding="UTF-8"?>
<!-- Generated by org.testng.reporters.JUnitReportReporter -->
<testsuite skipped="0" hostname="ICPL12742" name="RunnerClass.RunCucumberTest" tests="2" failures="0" timestamp="24 Jun 2019 06:59:04 GMT" time="29.797" errors="0">
  <testcase name="runScenario" time="16.749" classname="RunnerClass.RunCucumberTest"/>
  <testcase name="runScenario" time="13.048" classname="RunnerClass.RunCucumberTest"/>
</testsuite> <!-- RunnerClass.RunCucumberTest -->
