<?xml version="1.0" encoding="UTF-8"?>
<!-- Generated by org.testng.reporters.JUnitReportReporter -->
<testsuite skipped="0" hostname="ICPL12742" name="RunnerClass.RunCucumberTest" tests="1" failures="0" timestamp="28 Jun 2019 09:03:12 GMT" time="19.465" errors="0">
  <testcase name="runScenario" time="19.465" classname="RunnerClass.RunCucumberTest"/>
</testsuite> <!-- RunnerClass.RunCucumberTest -->
